#
# There is insufficient memory for the Java Runtime Environment to continue.
# Native memory allocation (malloc) failed to allocate 1011696 bytes for Chunk::new
# Possible reasons:
#   The system is out of physical RAM or swap space
#   The process is running with CompressedOops enabled, and the Java Heap may be blocking the growth of the native heap
# Possible solutions:
#   Reduce memory load on the system
#   Increase physical memory or swap space
#   Check if swap backing store is full
#   Decrease Java heap size (-Xmx/-Xms)
#   Decrease number of Java threads
#   Decrease Java thread stack sizes (-Xss)
#   Set larger code cache with -XX:ReservedCodeCacheSize=
#   JVM is running with Unscaled Compressed Oops mode in which the Java heap is
#     placed in the first 4GB address space. The Java Heap base address is the
#     maximum limit for the native heap growth. Please use -XX:HeapBaseMinAddress
#     to set the Java Heap base and to place the Java Heap above 4GB virtual address.
# This output file may be truncated or incomplete.
#
#  Out of Memory Error (arena.cpp:191), pid=3124, tid=12312
#
# JRE version: OpenJDK Runtime Environment (17.0.9) (build 17.0.9+0--11185874)
# Java VM: OpenJDK 64-Bit Server VM (17.0.9+0--11185874, mixed mode, tiered, compressed oops, compressed class ptrs, g1 gc, windows-amd64)
# No core dump will be written. Minidumps are not enabled by default on client versions of Windows
#

---------------  S U M M A R Y ------------

Command Line: org.jetbrains.kotlin.cli.jvm.K2JVMCompiler @C:\Users\a\AndroidStudioProjects\MyVideoCall\app\build\20240705_7904319703375915931.compiler.options

Host: 11th Gen Intel(R) Core(TM) i5-1135G7 @ 2.40GHz, 8 cores, 7G,  Windows 10 , 64 bit Build 19041 (10.0.19041.3636)
Time: Fri Jul  5 17:00:49 2024 India Standard Time elapsed time: 6.132941 seconds (0d 0h 0m 6s)

---------------  T H R E A D  ---------------

Current thread (0x0000024f7c043b60):  JavaThread "C2 CompilerThread0" daemon [_thread_in_native, id=12312, stack(0x000000fbb9300000,0x000000fbb9400000)]


Current CompileTask:
C2:   6133 8805       4       org.jetbrains.kotlin.ir.util.TypeTranslator::translateTypeAnnotations (230 bytes)

Stack: [0x000000fbb9300000,0x000000fbb9400000]
Native frames: (J=compiled Java code, j=interpreted, Vv=VM code, C=native code)
V  [jvm.dll+0x6886e9]
V  [jvm.dll+0x841e4a]
V  [jvm.dll+0x843a8e]
V  [jvm.dll+0x8440f3]
V  [jvm.dll+0x24c14f]
V  [jvm.dll+0xac44c]
V  [jvm.dll+0xaca9c]
V  [jvm.dll+0x36c1a2]
V  [jvm.dll+0x33651a]
V  [jvm.dll+0x3359ba]
V  [jvm.dll+0x21ddb1]
V  [jvm.dll+0x21d1d1]
V  [jvm.dll+0x1a674d]
V  [jvm.dll+0x22d088]
V  [jvm.dll+0x22b1c0]
V  [jvm.dll+0x7f62f7]
V  [jvm.dll+0x7f06aa]
V  [jvm.dll+0x687565]
C  [ucrtbase.dll+0x21bb2]
C  [KERNEL32.DLL+0x17344]
C  [ntdll.dll+0x4cc91]


---------------  P R O C E S S  ---------------

Threads class SMR info:
_java_thread_list=0x0000024f7c119f30, length=13, elements={
0x0000024f5e10f8b0, 0x0000024f77c54700, 0x0000024f77c56fe0, 0x0000024f7c03c5e0,
0x0000024f7c03ceb0, 0x0000024f7c03f880, 0x0000024f7c040650, 0x0000024f7c043b60,
0x0000024f7c0615d0, 0x0000024f7c061fd0, 0x0000024f7c1ba320, 0x0000024f7c1bb870,
0x0000024f7d798020
}

Java Threads: ( => current thread )
  0x0000024f5e10f8b0 JavaThread "main" [_thread_in_vm, id=13152, stack(0x000000fbb8600000,0x000000fbb8700000)]
  0x0000024f77c54700 JavaThread "Reference Handler" daemon [_thread_blocked, id=9540, stack(0x000000fbb8d00000,0x000000fbb8e00000)]
  0x0000024f77c56fe0 JavaThread "Finalizer" daemon [_thread_blocked, id=5208, stack(0x000000fbb8e00000,0x000000fbb8f00000)]
  0x0000024f7c03c5e0 JavaThread "Signal Dispatcher" daemon [_thread_blocked, id=14492, stack(0x000000fbb8f00000,0x000000fbb9000000)]
  0x0000024f7c03ceb0 JavaThread "Attach Listener" daemon [_thread_blocked, id=2956, stack(0x000000fbb9000000,0x000000fbb9100000)]
  0x0000024f7c03f880 JavaThread "Service Thread" daemon [_thread_blocked, id=3376, stack(0x000000fbb9100000,0x000000fbb9200000)]
  0x0000024f7c040650 JavaThread "Monitor Deflation Thread" daemon [_thread_blocked, id=11580, stack(0x000000fbb9200000,0x000000fbb9300000)]
=>0x0000024f7c043b60 JavaThread "C2 CompilerThread0" daemon [_thread_in_native, id=12312, stack(0x000000fbb9300000,0x000000fbb9400000)]
  0x0000024f7c0615d0 JavaThread "C1 CompilerThread0" daemon [_thread_blocked, id=10792, stack(0x000000fbb9400000,0x000000fbb9500000)]
  0x0000024f7c061fd0 JavaThread "Sweeper thread" daemon [_thread_blocked, id=11948, stack(0x000000fbb9500000,0x000000fbb9600000)]
  0x0000024f7c1ba320 JavaThread "Notification Thread" daemon [_thread_blocked, id=12136, stack(0x000000fbb9600000,0x000000fbb9700000)]
  0x0000024f7c1bb870 JavaThread "Common-Cleaner" daemon [_thread_blocked, id=15876, stack(0x000000fbb9800000,0x000000fbb9900000)]
  0x0000024f7d798020 JavaThread "C2 CompilerThread1" daemon [_thread_in_native, id=1624, stack(0x000000fbb9900000,0x000000fbb9a00000)]

Other Threads:
  0x0000024f77c072d0 VMThread "VM Thread" [stack: 0x000000fbb8c00000,0x000000fbb8d00000] [id=6064]
  0x0000024f7c1ba800 WatcherThread [stack: 0x000000fbb9700000,0x000000fbb9800000] [id=4012]
  0x0000024f5e16a0b0 GCTaskThread "GC Thread#0" [stack: 0x000000fbb8700000,0x000000fbb8800000] [id=8152]
  0x0000024f7c6b32e0 GCTaskThread "GC Thread#1" [stack: 0x000000fbb9a00000,0x000000fbb9b00000] [id=5028]
  0x0000024f7c7ac330 GCTaskThread "GC Thread#2" [stack: 0x000000fbb9b00000,0x000000fbb9c00000] [id=2856]
  0x0000024f7c7ac5f0 GCTaskThread "GC Thread#3" [stack: 0x000000fbb9c00000,0x000000fbb9d00000] [id=15792]
  0x0000024f7c7ae8c0 GCTaskThread "GC Thread#4" [stack: 0x000000fbb9d00000,0x000000fbb9e00000] [id=11028]
  0x0000024f7cca1cd0 GCTaskThread "GC Thread#5" [stack: 0x000000fbb9e00000,0x000000fbb9f00000] [id=13344]
  0x0000024f7d0a2a70 GCTaskThread "GC Thread#6" [stack: 0x000000fbb9f00000,0x000000fbba000000] [id=13476]
  0x0000024f7ce094b0 GCTaskThread "GC Thread#7" [stack: 0x000000fbba000000,0x000000fbba100000] [id=11876]
  0x0000024f5e17a500 ConcurrentGCThread "G1 Main Marker" [stack: 0x000000fbb8800000,0x000000fbb8900000] [id=16116]
  0x0000024f5e17af20 ConcurrentGCThread "G1 Conc#0" [stack: 0x000000fbb8900000,0x000000fbb8a00000] [id=14996]
  0x0000024f7cec9eb0 ConcurrentGCThread "G1 Conc#1" [stack: 0x000000fbba100000,0x000000fbba200000] [id=7888]
  0x0000024f5e1cd360 ConcurrentGCThread "G1 Refine#0" [stack: 0x000000fbb8a00000,0x000000fbb8b00000] [id=12824]
  0x0000024f7eff98e0 ConcurrentGCThread "G1 Refine#1" [stack: 0x000000fbba200000,0x000000fbba300000] [id=5228]
  0x0000024f7effa790 ConcurrentGCThread "G1 Refine#2" [stack: 0x000000fbba300000,0x000000fbba400000] [id=16340]
  0x0000024f7edb85d0 ConcurrentGCThread "G1 Refine#3" [stack: 0x000000fbba400000,0x000000fbba500000] [id=10196]
  0x0000024f7edb9770 ConcurrentGCThread "G1 Refine#4" [stack: 0x000000fbba500000,0x000000fbba600000] [id=12452]
  0x0000024f5e1cdd90 ConcurrentGCThread "G1 Service" [stack: 0x000000fbb8b00000,0x000000fbb8c00000] [id=9848]

Threads with active compile tasks:
C2 CompilerThread0     6144 8805       4       org.jetbrains.kotlin.ir.util.TypeTranslator::translateTypeAnnotations (230 bytes)
C2 CompilerThread1     6144 8797       4       org.jetbrains.kotlin.ir.util.TypeTranslator::translateType (625 bytes)

VM state: not at safepoint (normal execution)

VM Mutex/Monitor currently owned by a thread: None

Heap address: 0x0000000085800000, size: 1960 MB, Compressed Oops mode: 32-bit

CDS archive(s) not mapped
Compressed class space mapped at: 0x0000000100000000-0x0000000140000000, reserved size: 1073741824
Narrow klass base: 0x0000000000000000, Narrow klass shift: 3, Narrow klass range: 0x140000000

GC Precious Log:
 CPUs: 8 total, 8 available
 Memory: 7834M
 Large Page Support: Disabled
 NUMA Support: Disabled
 Compressed Oops: Enabled (32-bit)
 Heap Region Size: 1M
 Heap Min Capacity: 8M
 Heap Initial Capacity: 124M
 Heap Max Capacity: 1960M
 Pre-touch: Disabled
 Parallel Workers: 8
 Concurrent Workers: 2
 Concurrent Refinement Workers: 8
 Periodic GC: Disabled

Heap:
 garbage-first heap   total 134144K, used 56513K [0x0000000085800000, 0x0000000100000000)
  region size 1024K, 4 young (4096K), 2 survivors (2048K)
 Metaspace       used 74713K, committed 74944K, reserved 1179648K
  class space    used 8450K, committed 8576K, reserved 1048576K

Heap Regions: E=young(eden), S=young(survivor), O=old, HS=humongous(starts), HC=humongous(continues), CS=collection set, F=free, OA=open archive, CA=closed archive, TAMS=top-at-mark-start (previous, next)
|   0|0x0000000085800000, 0x0000000085900000, 0x0000000085900000|100%|HS|  |TAMS 0x0000000085900000, 0x0000000085900000| Complete 
|   1|0x0000000085900000, 0x0000000085a00000, 0x0000000085a00000|100%|HC|  |TAMS 0x0000000085a00000, 0x0000000085a00000| Complete 
|   2|0x0000000085a00000, 0x0000000085b00000, 0x0000000085b00000|100%|HC|  |TAMS 0x0000000085b00000, 0x0000000085b00000| Complete 
|   3|0x0000000085b00000, 0x0000000085c00000, 0x0000000085c00000|100%|HC|  |TAMS 0x0000000085c00000, 0x0000000085c00000| Complete 
|   4|0x0000000085c00000, 0x0000000085d00000, 0x0000000085d00000|100%| O|  |TAMS 0x0000000085d00000, 0x0000000085d00000| Untracked 
|   5|0x0000000085d00000, 0x0000000085e00000, 0x0000000085e00000|100%| O|  |TAMS 0x0000000085e00000, 0x0000000085e00000| Untracked 
|   6|0x0000000085e00000, 0x0000000085f00000, 0x0000000085f00000|100%| O|  |TAMS 0x0000000085f00000, 0x0000000085f00000| Untracked 
|   7|0x0000000085f00000, 0x0000000086000000, 0x0000000086000000|100%| O|  |TAMS 0x0000000086000000, 0x0000000086000000| Untracked 
|   8|0x0000000086000000, 0x0000000086100000, 0x0000000086100000|100%| O|  |TAMS 0x0000000086100000, 0x0000000086100000| Untracked 
|   9|0x0000000086100000, 0x0000000086100000, 0x0000000086200000|  0%| F|  |TAMS 0x0000000086100000, 0x0000000086100000| Untracked 
|  10|0x0000000086200000, 0x0000000086300000, 0x0000000086300000|100%| O|  |TAMS 0x0000000086300000, 0x0000000086300000| Untracked 
|  11|0x0000000086300000, 0x0000000086400000, 0x0000000086400000|100%| O|  |TAMS 0x0000000086400000, 0x0000000086400000| Untracked 
|  12|0x0000000086400000, 0x0000000086500000, 0x0000000086500000|100%| O|  |TAMS 0x0000000086500000, 0x0000000086500000| Untracked 
|  13|0x0000000086500000, 0x0000000086600000, 0x0000000086600000|100%| O|  |TAMS 0x0000000086600000, 0x0000000086600000| Untracked 
|  14|0x0000000086600000, 0x0000000086700000, 0x0000000086700000|100%| O|  |TAMS 0x0000000086700000, 0x0000000086700000| Untracked 
|  15|0x0000000086700000, 0x0000000086800000, 0x0000000086800000|100%| O|  |TAMS 0x0000000086800000, 0x0000000086800000| Untracked 
|  16|0x0000000086800000, 0x0000000086900000, 0x0000000086900000|100%| O|  |TAMS 0x0000000086900000, 0x0000000086900000| Untracked 
|  17|0x0000000086900000, 0x0000000086a00000, 0x0000000086a00000|100%|HS|  |TAMS 0x0000000086a00000, 0x0000000086a00000| Complete 
|  18|0x0000000086a00000, 0x0000000086b00000, 0x0000000086b00000|100%|HC|  |TAMS 0x0000000086b00000, 0x0000000086b00000| Complete 
|  19|0x0000000086b00000, 0x0000000086c00000, 0x0000000086c00000|100%| O|  |TAMS 0x0000000086c00000, 0x0000000086c00000| Untracked 
|  20|0x0000000086c00000, 0x0000000086d00000, 0x0000000086d00000|100%| O|  |TAMS 0x0000000086d00000, 0x0000000086d00000| Untracked 
|  21|0x0000000086d00000, 0x0000000086e00000, 0x0000000086e00000|100%| O|  |TAMS 0x0000000086e00000, 0x0000000086e00000| Untracked 
|  22|0x0000000086e00000, 0x0000000086f00000, 0x0000000086f00000|100%| O|  |TAMS 0x0000000086f00000, 0x0000000086f00000| Untracked 
|  23|0x0000000086f00000, 0x0000000087000000, 0x0000000087000000|100%| O|  |TAMS 0x0000000087000000, 0x0000000087000000| Untracked 
|  24|0x0000000087000000, 0x0000000087100000, 0x0000000087100000|100%| O|  |TAMS 0x0000000087100000, 0x0000000087100000| Untracked 
|  25|0x0000000087100000, 0x0000000087200000, 0x0000000087200000|100%| O|  |TAMS 0x0000000087200000, 0x0000000087200000| Untracked 
|  26|0x0000000087200000, 0x0000000087300000, 0x0000000087300000|100%| O|  |TAMS 0x0000000087300000, 0x0000000087300000| Untracked 
|  27|0x0000000087300000, 0x0000000087400000, 0x0000000087400000|100%| O|  |TAMS 0x0000000087400000, 0x0000000087400000| Untracked 
|  28|0x0000000087400000, 0x0000000087500000, 0x0000000087500000|100%| O|  |TAMS 0x0000000087500000, 0x0000000087500000| Untracked 
|  29|0x0000000087500000, 0x0000000087600000, 0x0000000087600000|100%| O|  |TAMS 0x0000000087600000, 0x0000000087600000| Untracked 
|  30|0x0000000087600000, 0x0000000087700000, 0x0000000087700000|100%| O|  |TAMS 0x0000000087700000, 0x0000000087700000| Untracked 
|  31|0x0000000087700000, 0x0000000087800000, 0x0000000087800000|100%| O|  |TAMS 0x0000000087800000, 0x0000000087800000| Untracked 
|  32|0x0000000087800000, 0x0000000087900000, 0x0000000087900000|100%| O|  |TAMS 0x0000000087900000, 0x0000000087900000| Untracked 
|  33|0x0000000087900000, 0x0000000087a00000, 0x0000000087a00000|100%| O|  |TAMS 0x0000000087a00000, 0x0000000087a00000| Untracked 
|  34|0x0000000087a00000, 0x0000000087b00000, 0x0000000087b00000|100%| O|  |TAMS 0x0000000087b00000, 0x0000000087b00000| Untracked 
|  35|0x0000000087b00000, 0x0000000087c00000, 0x0000000087c00000|100%| O|  |TAMS 0x0000000087c00000, 0x0000000087c00000| Untracked 
|  36|0x0000000087c00000, 0x0000000087d00000, 0x0000000087d00000|100%| O|  |TAMS 0x0000000087d00000, 0x0000000087d00000| Untracked 
|  37|0x0000000087d00000, 0x0000000087e00000, 0x0000000087e00000|100%| O|  |TAMS 0x0000000087e00000, 0x0000000087e00000| Untracked 
|  38|0x0000000087e00000, 0x0000000087f00000, 0x0000000087f00000|100%| O|  |TAMS 0x0000000087f00000, 0x0000000087f00000| Untracked 
|  39|0x0000000087f00000, 0x0000000088000000, 0x0000000088000000|100%| O|  |TAMS 0x0000000088000000, 0x0000000088000000| Untracked 
|  40|0x0000000088000000, 0x0000000088100000, 0x0000000088100000|100%| O|  |TAMS 0x0000000088100000, 0x0000000088100000| Untracked 
|  41|0x0000000088100000, 0x0000000088200000, 0x0000000088200000|100%| O|  |TAMS 0x0000000088200000, 0x0000000088200000| Untracked 
|  42|0x0000000088200000, 0x0000000088300000, 0x0000000088300000|100%| O|  |TAMS 0x0000000088300000, 0x0000000088300000| Untracked 
|  43|0x0000000088300000, 0x0000000088400000, 0x0000000088400000|100%| O|  |TAMS 0x00000000883fde00, 0x0000000088400000| Untracked 
|  44|0x0000000088400000, 0x0000000088500000, 0x0000000088500000|100%| O|  |TAMS 0x0000000088400000, 0x0000000088500000| Untracked 
|  45|0x0000000088500000, 0x0000000088600000, 0x0000000088600000|100%| O|  |TAMS 0x0000000088500000, 0x0000000088600000| Untracked 
|  46|0x0000000088600000, 0x0000000088700000, 0x0000000088700000|100%| O|  |TAMS 0x0000000088600000, 0x0000000088700000| Untracked 
|  47|0x0000000088700000, 0x0000000088800000, 0x0000000088800000|100%| O|  |TAMS 0x0000000088700000, 0x0000000088800000| Untracked 
|  48|0x0000000088800000, 0x0000000088900000, 0x0000000088900000|100%| O|  |TAMS 0x0000000088800000, 0x0000000088900000| Untracked 
|  49|0x0000000088900000, 0x0000000088a00000, 0x0000000088a00000|100%| O|  |TAMS 0x0000000088900000, 0x0000000088a00000| Untracked 
|  50|0x0000000088a00000, 0x0000000088b00000, 0x0000000088b00000|100%| O|  |TAMS 0x0000000088a00000, 0x0000000088b00000| Untracked 
|  51|0x0000000088b00000, 0x0000000088c00000, 0x0000000088c00000|100%| O|  |TAMS 0x0000000088b00000, 0x0000000088c00000| Untracked 
|  52|0x0000000088c00000, 0x0000000088d00000, 0x0000000088d00000|100%| O|  |TAMS 0x0000000088c00000, 0x0000000088d00000| Untracked 
|  53|0x0000000088d00000, 0x0000000088d5b600, 0x0000000088e00000| 35%| O|  |TAMS 0x0000000088d00000, 0x0000000088d5b600| Untracked 
|  54|0x0000000088e00000, 0x0000000088e00000, 0x0000000088f00000|  0%| F|  |TAMS 0x0000000088e00000, 0x0000000088e00000| Untracked 
|  55|0x0000000088f00000, 0x0000000088f00000, 0x0000000089000000|  0%| F|  |TAMS 0x0000000088f00000, 0x0000000088f00000| Untracked 
|  56|0x0000000089000000, 0x0000000089000000, 0x0000000089100000|  0%| F|  |TAMS 0x0000000089000000, 0x0000000089000000| Untracked 
|  57|0x0000000089100000, 0x0000000089100000, 0x0000000089200000|  0%| F|  |TAMS 0x0000000089100000, 0x0000000089100000| Untracked 
|  58|0x0000000089200000, 0x0000000089200000, 0x0000000089300000|  0%| F|  |TAMS 0x0000000089200000, 0x0000000089200000| Untracked 
|  59|0x0000000089300000, 0x0000000089300000, 0x0000000089400000|  0%| F|  |TAMS 0x0000000089300000, 0x0000000089300000| Untracked 
|  60|0x0000000089400000, 0x0000000089400000, 0x0000000089500000|  0%| F|  |TAMS 0x0000000089400000, 0x0000000089400000| Untracked 
|  61|0x0000000089500000, 0x0000000089500000, 0x0000000089600000|  0%| F|  |TAMS 0x0000000089500000, 0x0000000089500000| Untracked 
|  62|0x0000000089600000, 0x0000000089600000, 0x0000000089700000|  0%| F|  |TAMS 0x0000000089600000, 0x0000000089600000| Untracked 
|  63|0x0000000089700000, 0x0000000089700000, 0x0000000089800000|  0%| F|  |TAMS 0x0000000089700000, 0x0000000089700000| Untracked 
|  64|0x0000000089800000, 0x0000000089800000, 0x0000000089900000|  0%| F|  |TAMS 0x0000000089800000, 0x0000000089800000| Untracked 
|  65|0x0000000089900000, 0x0000000089900000, 0x0000000089a00000|  0%| F|  |TAMS 0x0000000089900000, 0x0000000089900000| Untracked 
|  66|0x0000000089a00000, 0x0000000089a00000, 0x0000000089b00000|  0%| F|  |TAMS 0x0000000089a00000, 0x0000000089a00000| Untracked 
|  67|0x0000000089b00000, 0x0000000089b00000, 0x0000000089c00000|  0%| F|  |TAMS 0x0000000089b00000, 0x0000000089b00000| Untracked 
|  68|0x0000000089c00000, 0x0000000089c00000, 0x0000000089d00000|  0%| F|  |TAMS 0x0000000089c00000, 0x0000000089c00000| Untracked 
|  69|0x0000000089d00000, 0x0000000089d00000, 0x0000000089e00000|  0%| F|  |TAMS 0x0000000089d00000, 0x0000000089d00000| Untracked 
|  70|0x0000000089e00000, 0x0000000089e00000, 0x0000000089f00000|  0%| F|  |TAMS 0x0000000089e00000, 0x0000000089e00000| Untracked 
|  71|0x0000000089f00000, 0x0000000089f00000, 0x000000008a000000|  0%| F|  |TAMS 0x0000000089f00000, 0x0000000089f00000| Untracked 
|  72|0x000000008a000000, 0x000000008a000000, 0x000000008a100000|  0%| F|  |TAMS 0x000000008a000000, 0x000000008a000000| Untracked 
|  73|0x000000008a100000, 0x000000008a100000, 0x000000008a200000|  0%| F|  |TAMS 0x000000008a100000, 0x000000008a100000| Untracked 
|  74|0x000000008a200000, 0x000000008a200000, 0x000000008a300000|  0%| F|  |TAMS 0x000000008a200000, 0x000000008a200000| Untracked 
|  75|0x000000008a300000, 0x000000008a300000, 0x000000008a400000|  0%| F|  |TAMS 0x000000008a300000, 0x000000008a300000| Untracked 
|  76|0x000000008a400000, 0x000000008a400000, 0x000000008a500000|  0%| F|  |TAMS 0x000000008a400000, 0x000000008a400000| Untracked 
|  77|0x000000008a500000, 0x000000008a500000, 0x000000008a600000|  0%| F|  |TAMS 0x000000008a500000, 0x000000008a500000| Untracked 
|  78|0x000000008a600000, 0x000000008a600000, 0x000000008a700000|  0%| F|  |TAMS 0x000000008a600000, 0x000000008a600000| Untracked 
|  79|0x000000008a700000, 0x000000008a700000, 0x000000008a800000|  0%| F|  |TAMS 0x000000008a700000, 0x000000008a700000| Untracked 
|  80|0x000000008a800000, 0x000000008a800000, 0x000000008a900000|  0%| F|  |TAMS 0x000000008a800000, 0x000000008a800000| Untracked 
|  81|0x000000008a900000, 0x000000008a900000, 0x000000008aa00000|  0%| F|  |TAMS 0x000000008a900000, 0x000000008a900000| Untracked 
|  82|0x000000008aa00000, 0x000000008aad4e30, 0x000000008ab00000| 83%| S|CS|TAMS 0x000000008aa00000, 0x000000008aa00000| Complete 
|  83|0x000000008ab00000, 0x000000008ac00000, 0x000000008ac00000|100%| S|CS|TAMS 0x000000008ab00000, 0x000000008ab00000| Complete 
|  84|0x000000008ac00000, 0x000000008ac00000, 0x000000008ad00000|  0%| F|  |TAMS 0x000000008ac00000, 0x000000008ac00000| Untracked 
|  85|0x000000008ad00000, 0x000000008ad00000, 0x000000008ae00000|  0%| F|  |TAMS 0x000000008ad00000, 0x000000008ad00000| Untracked 
|  86|0x000000008ae00000, 0x000000008ae00000, 0x000000008af00000|  0%| F|  |TAMS 0x000000008ae00000, 0x000000008ae00000| Untracked 
|  87|0x000000008af00000, 0x000000008af00000, 0x000000008b000000|  0%| F|  |TAMS 0x000000008af00000, 0x000000008af00000| Untracked 
|  88|0x000000008b000000, 0x000000008b000000, 0x000000008b100000|  0%| F|  |TAMS 0x000000008b000000, 0x000000008b000000| Untracked 
|  89|0x000000008b100000, 0x000000008b100000, 0x000000008b200000|  0%| F|  |TAMS 0x000000008b100000, 0x000000008b100000| Untracked 
|  90|0x000000008b200000, 0x000000008b200000, 0x000000008b300000|  0%| F|  |TAMS 0x000000008b200000, 0x000000008b200000| Untracked 
|  91|0x000000008b300000, 0x000000008b300000, 0x000000008b400000|  0%| F|  |TAMS 0x000000008b300000, 0x000000008b300000| Untracked 
|  92|0x000000008b400000, 0x000000008b400000, 0x000000008b500000|  0%| F|  |TAMS 0x000000008b400000, 0x000000008b400000| Untracked 
|  93|0x000000008b500000, 0x000000008b500000, 0x000000008b600000|  0%| F|  |TAMS 0x000000008b500000, 0x000000008b500000| Untracked 
|  94|0x000000008b600000, 0x000000008b600000, 0x000000008b700000|  0%| F|  |TAMS 0x000000008b600000, 0x000000008b600000| Untracked 
|  95|0x000000008b700000, 0x000000008b700000, 0x000000008b800000|  0%| F|  |TAMS 0x000000008b700000, 0x000000008b700000| Untracked 
|  96|0x000000008b800000, 0x000000008b800000, 0x000000008b900000|  0%| F|  |TAMS 0x000000008b800000, 0x000000008b800000| Untracked 
|  97|0x000000008b900000, 0x000000008b900000, 0x000000008ba00000|  0%| F|  |TAMS 0x000000008b900000, 0x000000008b900000| Untracked 
|  98|0x000000008ba00000, 0x000000008ba00000, 0x000000008bb00000|  0%| F|  |TAMS 0x000000008ba00000, 0x000000008ba00000| Untracked 
|  99|0x000000008bb00000, 0x000000008bb00000, 0x000000008bc00000|  0%| F|  |TAMS 0x000000008bb00000, 0x000000008bb00000| Untracked 
| 100|0x000000008bc00000, 0x000000008bc00000, 0x000000008bd00000|  0%| F|  |TAMS 0x000000008bc00000, 0x000000008bc00000| Untracked 
| 101|0x000000008bd00000, 0x000000008bd00000, 0x000000008be00000|  0%| F|  |TAMS 0x000000008bd00000, 0x000000008bd00000| Untracked 
| 102|0x000000008be00000, 0x000000008be00000, 0x000000008bf00000|  0%| F|  |TAMS 0x000000008be00000, 0x000000008be00000| Untracked 
| 103|0x000000008bf00000, 0x000000008bf00000, 0x000000008c000000|  0%| F|  |TAMS 0x000000008bf00000, 0x000000008bf00000| Untracked 
| 104|0x000000008c000000, 0x000000008c000000, 0x000000008c100000|  0%| F|  |TAMS 0x000000008c000000, 0x000000008c000000| Untracked 
| 105|0x000000008c100000, 0x000000008c100000, 0x000000008c200000|  0%| F|  |TAMS 0x000000008c100000, 0x000000008c100000| Untracked 
| 106|0x000000008c200000, 0x000000008c200000, 0x000000008c300000|  0%| F|  |TAMS 0x000000008c200000, 0x000000008c200000| Untracked 
| 107|0x000000008c300000, 0x000000008c300000, 0x000000008c400000|  0%| F|  |TAMS 0x000000008c300000, 0x000000008c300000| Untracked 
| 108|0x000000008c400000, 0x000000008c400000, 0x000000008c500000|  0%| F|  |TAMS 0x000000008c400000, 0x000000008c400000| Untracked 
| 109|0x000000008c500000, 0x000000008c500000, 0x000000008c600000|  0%| F|  |TAMS 0x000000008c500000, 0x000000008c500000| Untracked 
| 110|0x000000008c600000, 0x000000008c600000, 0x000000008c700000|  0%| F|  |TAMS 0x000000008c600000, 0x000000008c600000| Untracked 
| 111|0x000000008c700000, 0x000000008c700000, 0x000000008c800000|  0%| F|  |TAMS 0x000000008c700000, 0x000000008c700000| Untracked 
| 112|0x000000008c800000, 0x000000008c800000, 0x000000008c900000|  0%| F|  |TAMS 0x000000008c800000, 0x000000008c800000| Untracked 
| 113|0x000000008c900000, 0x000000008c900000, 0x000000008ca00000|  0%| F|  |TAMS 0x000000008c900000, 0x000000008c900000| Untracked 
| 114|0x000000008ca00000, 0x000000008ca00000, 0x000000008cb00000|  0%| F|  |TAMS 0x000000008ca00000, 0x000000008ca00000| Untracked 
| 115|0x000000008cb00000, 0x000000008cb00000, 0x000000008cc00000|  0%| F|  |TAMS 0x000000008cb00000, 0x000000008cb00000| Untracked 
| 116|0x000000008cc00000, 0x000000008cc00000, 0x000000008cd00000|  0%| F|  |TAMS 0x000000008cc00000, 0x000000008cc00000| Untracked 
| 117|0x000000008cd00000, 0x000000008cd00000, 0x000000008ce00000|  0%| F|  |TAMS 0x000000008cd00000, 0x000000008cd00000| Untracked 
| 118|0x000000008ce00000, 0x000000008ce00000, 0x000000008cf00000|  0%| F|  |TAMS 0x000000008ce00000, 0x000000008ce00000| Untracked 
| 119|0x000000008cf00000, 0x000000008cf00000, 0x000000008d000000|  0%| F|  |TAMS 0x000000008cf00000, 0x000000008cf00000| Untracked 
| 120|0x000000008d000000, 0x000000008d000000, 0x000000008d100000|  0%| F|  |TAMS 0x000000008d000000, 0x000000008d000000| Untracked 
| 121|0x000000008d100000, 0x000000008d100000, 0x000000008d200000|  0%| F|  |TAMS 0x000000008d100000, 0x000000008d100000| Untracked 
| 122|0x000000008d200000, 0x000000008d200000, 0x000000008d300000|  0%| F|  |TAMS 0x000000008d200000, 0x000000008d200000| Untracked 
| 123|0x000000008d300000, 0x000000008d300000, 0x000000008d400000|  0%| F|  |TAMS 0x000000008d300000, 0x000000008d300000| Untracked 
| 124|0x000000008d400000, 0x000000008d400000, 0x000000008d500000|  0%| F|  |TAMS 0x000000008d400000, 0x000000008d400000| Untracked 
| 125|0x000000008d500000, 0x000000008d500000, 0x000000008d600000|  0%| F|  |TAMS 0x000000008d500000, 0x000000008d500000| Untracked 
| 126|0x000000008d600000, 0x000000008d600000, 0x000000008d700000|  0%| F|  |TAMS 0x000000008d600000, 0x000000008d600000| Untracked 
| 127|0x000000008d700000, 0x000000008d700000, 0x000000008d800000|  0%| F|  |TAMS 0x000000008d700000, 0x000000008d700000| Untracked 
| 128|0x000000008d800000, 0x000000008d883410, 0x000000008d900000| 51%| E|  |TAMS 0x000000008d800000, 0x000000008d800000| Complete 
| 129|0x000000008d900000, 0x000000008da00000, 0x000000008da00000|100%| E|CS|TAMS 0x000000008d900000, 0x000000008d900000| Complete 
| 130|0x000000008da00000, 0x000000008db00000, 0x000000008db00000|100%| E|CS|TAMS 0x000000008da00000, 0x000000008da00000| Complete 

Card table byte_map: [0x0000024f70d00000,0x0000024f710e0000] _byte_map_base: 0x0000024f708d4000

Marking Bits (Prev, Next): (CMBitMap*) 0x0000024f5e16a710, (CMBitMap*) 0x0000024f5e16a6d0
 Prev Bits: [0x0000024f73360000, 0x0000024f75200000)
 Next Bits: [0x0000024f714c0000, 0x0000024f73360000)

Polling page: 0x0000024f5d8d0000

Metaspace:

Usage:
  Non-class:     64.78 MB used.
      Class:      8.26 MB used.
       Both:     73.03 MB used.

Virtual space:
  Non-class space:      128.00 MB reserved,      64.88 MB ( 51%) committed,  2 nodes.
      Class space:        1.00 GB reserved,       8.38 MB ( <1%) committed,  1 nodes.
             Both:        1.12 GB reserved,      73.25 MB (  6%) committed. 

Chunk freelists:
   Non-Class:  14.81 MB
       Class:  7.61 MB
        Both:  22.42 MB

MaxMetaspaceSize: unlimited
CompressedClassSpaceSize: 1.00 GB
Initial GC threshold: 21.00 MB
Current GC threshold: 99.19 MB
CDS: off
MetaspaceReclaimPolicy: balanced
 - commit_granule_bytes: 65536.
 - commit_granule_words: 8192.
 - virtual_space_node_default_size: 8388608.
 - enlarge_chunks_in_place: 1.
 - new_chunks_are_fully_committed: 0.
 - uncommit_free_chunks: 1.
 - use_allocation_guard: 0.
 - handle_deallocations: 1.


Internal statistics:

num_allocs_failed_limit: 12.
num_arena_births: 246.
num_arena_deaths: 0.
num_vsnodes_births: 3.
num_vsnodes_deaths: 0.
num_space_committed: 1170.
num_space_uncommitted: 0.
num_chunks_returned_to_freelist: 12.
num_chunks_taken_from_freelist: 2490.
num_chunk_merges: 12.
num_chunk_splits: 2169.
num_chunks_enlarged: 2002.
num_inconsistent_stats: 0.

CodeHeap 'non-profiled nmethods': size=120000Kb used=3609Kb max_used=3760Kb free=116390Kb
 bounds [0x0000024f690c0000, 0x0000024f69480000, 0x0000024f705f0000]
CodeHeap 'profiled nmethods': size=120000Kb used=18951Kb max_used=20637Kb free=101048Kb
 bounds [0x0000024f615f0000, 0x0000024f62a20000, 0x0000024f68b20000]
CodeHeap 'non-nmethods': size=5760Kb used=1396Kb max_used=1445Kb free=4364Kb
 bounds [0x0000024f68b20000, 0x0000024f68d90000, 0x0000024f690c0000]
 total_blobs=8282 nmethods=7565 adapters=626
 compilation: enabled
              stopped_count=0, restarted_count=0
 full_count=0

Compilation events (20 events):
Event: 6.102 Thread 0x0000024f7c0615d0 nmethod 8870 0x0000024f61fda890 code [0x0000024f61fdaa60, 0x0000024f61fdaf58]
Event: 6.102 Thread 0x0000024f7c0615d0 8871       3       org.jetbrains.kotlin.codegen.pseudoInsns.PseudoInsnsKt::parsePseudoInsnOrNull (34 bytes)
Event: 6.106 Thread 0x0000024f7c0615d0 nmethod 8871 0x0000024f627fe310 code [0x0000024f627fe580, 0x0000024f627fee48]
Event: 6.106 Thread 0x0000024f7c0615d0 8872       3       org.jetbrains.kotlin.codegen.pseudoInsns.PseudoInsnsKt::isPseudoInsn (45 bytes)
Event: 6.107 Thread 0x0000024f7c0615d0 nmethod 8872 0x0000024f61d36d90 code [0x0000024f61d36fe0, 0x0000024f61d379a8]
Event: 6.107 Thread 0x0000024f7c0615d0 8873   !   3       java.lang.ref.ReferenceQueue::remove (125 bytes)
Event: 6.107 Thread 0x0000024f7c0615d0 nmethod 8873 0x0000024f625d2c90 code [0x0000024f625d2ea0, 0x0000024f625d3658]
Event: 6.107 Thread 0x0000024f7c0615d0 8874   !   3       jdk.internal.ref.PhantomCleanable::isListEmpty (34 bytes)
Event: 6.108 Thread 0x0000024f7c0615d0 nmethod 8874 0x0000024f61ec2890 code [0x0000024f61ec2a20, 0x0000024f61ec2c78]
Event: 6.109 Thread 0x0000024f7c0615d0 8875       3       org.jetbrains.org.objectweb.asm.tree.analysis.Frame::execute (2125 bytes)
Event: 6.114 Thread 0x0000024f7c0615d0 nmethod 8875 0x0000024f62624d10 code [0x0000024f62625ca0, 0x0000024f62630ee8]
Event: 6.114 Thread 0x0000024f7c0615d0 8876       3       org.jetbrains.org.objectweb.asm.tree.analysis.Frame::getMaxStackSize (11 bytes)
Event: 6.114 Thread 0x0000024f7c0615d0 nmethod 8876 0x0000024f61ed6a10 code [0x0000024f61ed6ba0, 0x0000024f61ed6cb8]
Event: 6.114 Thread 0x0000024f7c0615d0 8877       3       org.jetbrains.kotlin.codegen.optimization.common.FastMethodAnalyzer::mergeControlFlowEdge$default (33 bytes)
Event: 6.114 Thread 0x0000024f7c0615d0 nmethod 8877 0x0000024f61e7a790 code [0x0000024f61e7a940, 0x0000024f61e7abb8]
Event: 6.126 Thread 0x0000024f7c0615d0 8878       3       java.util.IdentityHashMap::maskNull (12 bytes)
Event: 6.126 Thread 0x0000024f7c0615d0 nmethod 8878 0x0000024f61ef2f90 code [0x0000024f61ef3120, 0x0000024f61ef3258]
Event: 6.126 Thread 0x0000024f7c0615d0 8879       3       java.util.IdentityHashMap::hash (18 bytes)
Event: 6.126 Thread 0x0000024f7c0615d0 nmethod 8879 0x0000024f61f38a90 code [0x0000024f61f38c20, 0x0000024f61f38d48]
Event: 6.127 Thread 0x0000024f7c0615d0 8882       3       org.jetbrains.kotlin.utils.SmartIdentityTable::set (128 bytes)

GC Heap History (20 events):
Event: 2.684 GC heap before
{Heap before GC invocations=10 (full 0):
 garbage-first heap   total 68608K, used 54337K [0x0000000085800000, 0x0000000100000000)
  region size 1024K, 34 young (34816K), 5 survivors (5120K)
 Metaspace       used 46661K, committed 46912K, reserved 1114112K
  class space    used 5709K, committed 5824K, reserved 1048576K
}
Event: 2.703 GC heap after
{Heap after GC invocations=11 (full 0):
 garbage-first heap   total 68608K, used 29713K [0x0000000085800000, 0x0000000100000000)
  region size 1024K, 5 young (5120K), 5 survivors (5120K)
 Metaspace       used 46661K, committed 46912K, reserved 1114112K
  class space    used 5709K, committed 5824K, reserved 1048576K
}
Event: 2.874 GC heap before
{Heap before GC invocations=11 (full 0):
 garbage-first heap   total 68608K, used 50193K [0x0000000085800000, 0x0000000100000000)
  region size 1024K, 25 young (25600K), 5 survivors (5120K)
 Metaspace       used 47955K, committed 48128K, reserved 1114112K
  class space    used 5857K, committed 5952K, reserved 1048576K
}
Event: 2.882 GC heap after
{Heap after GC invocations=12 (full 0):
 garbage-first heap   total 93184K, used 30064K [0x0000000085800000, 0x0000000100000000)
  region size 1024K, 2 young (2048K), 2 survivors (2048K)
 Metaspace       used 47955K, committed 48128K, reserved 1114112K
  class space    used 5857K, committed 5952K, reserved 1048576K
}
Event: 3.533 GC heap before
{Heap before GC invocations=12 (full 0):
 garbage-first heap   total 93184K, used 70000K [0x0000000085800000, 0x0000000100000000)
  region size 1024K, 41 young (41984K), 2 survivors (2048K)
 Metaspace       used 50401K, committed 50688K, reserved 1114112K
  class space    used 6018K, committed 6144K, reserved 1048576K
}
Event: 3.554 GC heap after
{Heap after GC invocations=13 (full 0):
 garbage-first heap   total 93184K, used 37192K [0x0000000085800000, 0x0000000100000000)
  region size 1024K, 6 young (6144K), 6 survivors (6144K)
 Metaspace       used 50401K, committed 50688K, reserved 1114112K
  class space    used 6018K, committed 6144K, reserved 1048576K
}
Event: 3.837 GC heap before
{Heap before GC invocations=13 (full 0):
 garbage-first heap   total 93184K, used 68936K [0x0000000085800000, 0x0000000100000000)
  region size 1024K, 37 young (37888K), 6 survivors (6144K)
 Metaspace       used 53387K, committed 53632K, reserved 1114112K
  class space    used 6354K, committed 6464K, reserved 1048576K
}
Event: 3.857 GC heap after
{Heap after GC invocations=14 (full 0):
 garbage-first heap   total 93184K, used 40982K [0x0000000085800000, 0x0000000100000000)
  region size 1024K, 4 young (4096K), 4 survivors (4096K)
 Metaspace       used 53387K, committed 53632K, reserved 1114112K
  class space    used 6354K, committed 6464K, reserved 1048576K
}
Event: 4.283 GC heap before
{Heap before GC invocations=14 (full 0):
 garbage-first heap   total 93184K, used 71702K [0x0000000085800000, 0x0000000100000000)
  region size 1024K, 33 young (33792K), 4 survivors (4096K)
 Metaspace       used 55466K, committed 55680K, reserved 1114112K
  class space    used 6574K, committed 6656K, reserved 1048576K
}
Event: 4.296 GC heap after
{Heap after GC invocations=15 (full 0):
 garbage-first heap   total 93184K, used 45219K [0x0000000085800000, 0x0000000100000000)
  region size 1024K, 5 young (5120K), 5 survivors (5120K)
 Metaspace       used 55466K, committed 55680K, reserved 1114112K
  class space    used 6574K, committed 6656K, reserved 1048576K
}
Event: 4.783 GC heap before
{Heap before GC invocations=15 (full 0):
 garbage-first heap   total 93184K, used 71843K [0x0000000085800000, 0x0000000100000000)
  region size 1024K, 31 young (31744K), 5 survivors (5120K)
 Metaspace       used 60139K, committed 60416K, reserved 1114112K
  class space    used 7001K, committed 7104K, reserved 1048576K
}
Event: 4.792 GC heap after
{Heap after GC invocations=16 (full 0):
 garbage-first heap   total 134144K, used 47930K [0x0000000085800000, 0x0000000100000000)
  region size 1024K, 3 young (3072K), 3 survivors (3072K)
 Metaspace       used 60139K, committed 60416K, reserved 1114112K
  class space    used 7001K, committed 7104K, reserved 1048576K
}
Event: 4.797 GC heap before
{Heap before GC invocations=16 (full 0):
 garbage-first heap   total 134144K, used 47930K [0x0000000085800000, 0x0000000100000000)
  region size 1024K, 4 young (4096K), 3 survivors (3072K)
 Metaspace       used 60254K, committed 60480K, reserved 1114112K
  class space    used 7006K, committed 7104K, reserved 1048576K
}
Event: 4.801 GC heap after
{Heap after GC invocations=17 (full 0):
 garbage-first heap   total 134144K, used 47846K [0x0000000085800000, 0x0000000100000000)
  region size 1024K, 3 young (3072K), 3 survivors (3072K)
 Metaspace       used 60254K, committed 60480K, reserved 1114112K
  class space    used 7006K, committed 7104K, reserved 1048576K
}
Event: 5.544 GC heap before
{Heap before GC invocations=18 (full 0):
 garbage-first heap   total 134144K, used 102118K [0x0000000085800000, 0x0000000100000000)
  region size 1024K, 56 young (57344K), 3 survivors (3072K)
 Metaspace       used 68048K, committed 68288K, reserved 1114112K
  class space    used 7830K, committed 7936K, reserved 1048576K
}
Event: 5.556 GC heap after
{Heap after GC invocations=19 (full 0):
 garbage-first heap   total 134144K, used 54411K [0x0000000085800000, 0x0000000100000000)
  region size 1024K, 7 young (7168K), 7 survivors (7168K)
 Metaspace       used 68048K, committed 68288K, reserved 1114112K
  class space    used 7830K, committed 7936K, reserved 1048576K
}
Event: 5.564 GC heap before
{Heap before GC invocations=19 (full 0):
 garbage-first heap   total 134144K, used 55435K [0x0000000085800000, 0x0000000100000000)
  region size 1024K, 8 young (8192K), 7 survivors (7168K)
 Metaspace       used 68075K, committed 68352K, reserved 1114112K
  class space    used 7832K, committed 7936K, reserved 1048576K
}
Event: 5.573 GC heap after
{Heap after GC invocations=20 (full 0):
 garbage-first heap   total 134144K, used 54637K [0x0000000085800000, 0x0000000100000000)
  region size 1024K, 1 young (1024K), 1 survivors (1024K)
 Metaspace       used 68075K, committed 68352K, reserved 1114112K
  class space    used 7832K, committed 7936K, reserved 1048576K
}
Event: 6.102 GC heap before
{Heap before GC invocations=20 (full 0):
 garbage-first heap   total 134144K, used 101741K [0x0000000085800000, 0x0000000100000000)
  region size 1024K, 47 young (48128K), 1 survivors (1024K)
 Metaspace       used 74128K, committed 74368K, reserved 1179648K
  class space    used 8399K, committed 8512K, reserved 1048576K
}
Event: 6.106 GC heap after
{Heap after GC invocations=21 (full 0):
 garbage-first heap   total 134144K, used 55489K [0x0000000085800000, 0x0000000100000000)
  region size 1024K, 2 young (2048K), 2 survivors (2048K)
 Metaspace       used 74128K, committed 74368K, reserved 1179648K
  class space    used 8399K, committed 8512K, reserved 1048576K
}

Dll operation events (2 events):
Event: 0.012 Loaded shared library C:\Program Files\Android\Android Studio1\jbr\bin\java.dll
Event: 1.212 Loaded shared library C:\Program Files\Android\Android Studio1\jbr\bin\verify.dll

Deoptimization events (20 events):
Event: 6.005 Thread 0x0000024f5e10f8b0 Uncommon trap: trap_request=0xffffff45 fr.pc=0x0000024f692b7f2c relative=0x0000000000000b2c
Event: 6.005 Thread 0x0000024f5e10f8b0 Uncommon trap: reason=unstable_if action=reinterpret pc=0x0000024f692b7f2c method=org.jetbrains.kotlin.utils.SmartSet.add(Ljava/lang/Object;)Z @ 32 c2
Event: 6.005 Thread 0x0000024f5e10f8b0 DEOPT PACKING pc=0x0000024f692b7f2c sp=0x000000fbb86fdcf0
Event: 6.005 Thread 0x0000024f5e10f8b0 DEOPT UNPACKING pc=0x0000024f68b7a1a3 sp=0x000000fbb86fdcc8 mode 2
Event: 6.040 Thread 0x0000024f5e10f8b0 Uncommon trap: trap_request=0xffffffcc fr.pc=0x0000024f693e9180 relative=0x0000000000000260
Event: 6.040 Thread 0x0000024f5e10f8b0 Uncommon trap: reason=intrinsic_or_type_checked_inlining action=make_not_entrant pc=0x0000024f693e9180 method=java.util.ArrayList.toArray([Ljava/lang/Object;)[Ljava/lang/Object; @ 36 c2
Event: 6.040 Thread 0x0000024f5e10f8b0 DEOPT PACKING pc=0x0000024f693e9180 sp=0x000000fbb86fd920
Event: 6.040 Thread 0x0000024f5e10f8b0 DEOPT UNPACKING pc=0x0000024f68b7a1a3 sp=0x000000fbb86fd8c0 mode 2
Event: 6.081 Thread 0x0000024f5e10f8b0 Uncommon trap: trap_request=0xffffffde fr.pc=0x0000024f693e0680 relative=0x0000000000000240
Event: 6.081 Thread 0x0000024f5e10f8b0 Uncommon trap: reason=class_check action=maybe_recompile pc=0x0000024f693e0680 method=org.jetbrains.kotlin.utils.ThreadLocalDelegate.getValue(Ljava/lang/Object;Lkotlin/reflect/KProperty;)Ljava/lang/Object; @ 42 c2
Event: 6.081 Thread 0x0000024f5e10f8b0 DEOPT PACKING pc=0x0000024f693e0680 sp=0x000000fbb86fd1f0
Event: 6.081 Thread 0x0000024f5e10f8b0 DEOPT UNPACKING pc=0x0000024f68b7a1a3 sp=0x000000fbb86fd180 mode 2
Event: 6.087 Thread 0x0000024f5e10f8b0 Uncommon trap: trap_request=0xffffff45 fr.pc=0x0000024f6913a460 relative=0x0000000000000060
Event: 6.087 Thread 0x0000024f5e10f8b0 Uncommon trap: reason=unstable_if action=reinterpret pc=0x0000024f6913a460 method=org.jetbrains.kotlin.ir.symbols.impl.IrSymbolBase.getDescriptor()Lorg/jetbrains/kotlin/descriptors/DeclarationDescriptor; @ 5 c2
Event: 6.087 Thread 0x0000024f5e10f8b0 DEOPT PACKING pc=0x0000024f6913a460 sp=0x000000fbb86fcff0
Event: 6.087 Thread 0x0000024f5e10f8b0 DEOPT UNPACKING pc=0x0000024f68b7a1a3 sp=0x000000fbb86fcf80 mode 2
Event: 6.093 Thread 0x0000024f5e10f8b0 Uncommon trap: trap_request=0xffffff45 fr.pc=0x0000024f6943aa6c relative=0x000000000000052c
Event: 6.093 Thread 0x0000024f5e10f8b0 Uncommon trap: reason=unstable_if action=reinterpret pc=0x0000024f6943aa6c method=java.lang.String.valueOf(Ljava/lang/Object;)Ljava/lang/String; @ 1 c2
Event: 6.093 Thread 0x0000024f5e10f8b0 DEOPT PACKING pc=0x0000024f6943aa6c sp=0x000000fbb86fce20
Event: 6.093 Thread 0x0000024f5e10f8b0 DEOPT UNPACKING pc=0x0000024f68b7a1a3 sp=0x000000fbb86fcdb8 mode 2

Classes unloaded (0 events):
No events

Classes redefined (0 events):
No events

Internal exceptions (20 events):
Event: 2.330 Thread 0x0000024f5e10f8b0 Exception <a 'java/lang/NoSuchMethodError'{0x000000008788dee8}: 'java.lang.Object java.lang.invoke.DirectMethodHandle$Holder.invokeSpecial(java.lang.Object, java.lang.Object, java.lang.Object, java.lang.Object, int)'> (0x000000008788dee8) 
thrown [s\src\hotspot\share\interpreter\linkResolver.cpp, line 771]
Event: 2.330 Thread 0x0000024f5e10f8b0 Exception <a 'java/lang/NoSuchMethodError'{0x0000000087891d58}: 'java.lang.Object java.lang.invoke.Invokers$Holder.linkToTargetMethod(java.lang.Object, java.lang.Object, int, java.lang.Object)'> (0x0000000087891d58) 
thrown [s\src\hotspot\share\interpreter\linkResolver.cpp, line 771]
Event: 2.909 Thread 0x0000024f5e10f8b0 Exception <a 'java/lang/NoSuchMethodError'{0x000000008b1dd818}: 'java.lang.Object java.lang.invoke.DirectMethodHandle$Holder.newInvokeSpecial(java.lang.Object, int, java.lang.Object)'> (0x000000008b1dd818) 
thrown [s\src\hotspot\share\interpreter\linkResolver.cpp, line 771]
Event: 2.910 Thread 0x0000024f5e10f8b0 Exception <a 'java/lang/NoSuchMethodError'{0x000000008b1e3e58}: 'int java.lang.invoke.DirectMethodHandle$Holder.invokeInterface(java.lang.Object, java.lang.Object)'> (0x000000008b1e3e58) 
thrown [s\src\hotspot\share\interpreter\linkResolver.cpp, line 771]
Event: 2.942 Thread 0x0000024f5e10f8b0 Exception <a 'java/lang/NoSuchMethodError'{0x000000008b0d3328}: 'java.lang.Object java.lang.invoke.DirectMethodHandle$Holder.newInvokeSpecial(java.lang.Object, java.lang.Object, java.lang.Object, java.lang.Object, java.lang.Object, java.lang.Object)'> (0x000000008b0d3328) 
thrown [s\src\hotspot\share\interpreter\linkResolver.cpp, line 771]
Event: 2.972 Thread 0x0000024f5e10f8b0 Exception <a 'java/lang/NoSuchMethodError'{0x000000008aed15a0}: 'java.lang.Object java.lang.invoke.DirectMethodHandle$Holder.invokeStaticInit(java.lang.Object, java.lang.Object, java.lang.Object)'> (0x000000008aed15a0) 
thrown [s\src\hotspot\share\interpreter\linkResolver.cpp, line 771]
Event: 3.429 Thread 0x0000024f5e10f8b0 Implicit null exception at 0x0000024f6910faec to 0x0000024f6910fcc8
Event: 3.429 Thread 0x0000024f5e10f8b0 Implicit null exception at 0x0000024f6911f68f to 0x0000024f6911f705
Event: 3.738 Thread 0x0000024f5e10f8b0 Implicit null exception at 0x0000024f69127258 to 0x0000024f691272ea
Event: 3.912 Thread 0x0000024f5e10f8b0 Implicit null exception at 0x0000024f691e5c4c to 0x0000024f691e5d28
Event: 4.062 Thread 0x0000024f5e10f8b0 Exception <a 'java/lang/NoSuchMethodError'{0x000000008a5a28d0}: 'java.lang.Object java.lang.invoke.DirectMethodHandle$Holder.invokeInterface(java.lang.Object, java.lang.Object, java.lang.Object)'> (0x000000008a5a28d0) 
thrown [s\src\hotspot\share\interpreter\linkResolver.cpp, line 771]
Event: 4.063 Thread 0x0000024f5e10f8b0 Exception <a 'java/lang/IncompatibleClassChangeError'{0x000000008a5a6240}: Found class java.lang.Object, but interface was expected> (0x000000008a5a6240) 
thrown [s\src\hotspot\share\interpreter\linkResolver.cpp, line 838]
Event: 4.184 Thread 0x0000024f5e10f8b0 Implicit null exception at 0x0000024f693543bc to 0x0000024f69355374
Event: 4.253 Thread 0x0000024f5e10f8b0 Exception <a 'java/lang/NoSuchMethodError'{0x0000000089627ab8}: 'int java.lang.invoke.DirectMethodHandle$Holder.invokeStaticInit(java.lang.Object, int)'> (0x0000000089627ab8) 
thrown [s\src\hotspot\share\interpreter\linkResolver.cpp, line 771]
Event: 4.575 Thread 0x0000024f5e10f8b0 Implicit null exception at 0x0000024f6915b9ec to 0x0000024f6915bbc8
Event: 4.808 Thread 0x0000024f5e10f8b0 Exception <a 'java/lang/NoSuchMethodError'{0x000000008da55730}: 'java.lang.Object java.lang.invoke.DirectMethodHandle$Holder.newInvokeSpecial(java.lang.Object, java.lang.Object, java.lang.Object, int, int)'> (0x000000008da55730) 
thrown [s\src\hotspot\share\interpreter\linkResolver.cpp, line 771]
Event: 4.808 Thread 0x0000024f5e10f8b0 Exception <a 'java/lang/NoSuchMethodError'{0x000000008da59570}: 'java.lang.Object java.lang.invoke.DirectMethodHandle$Holder.invokeSpecial(java.lang.Object, java.lang.Object, java.lang.Object, java.lang.Object, int, int)'> (0x000000008da59570) 
thrown [s\src\hotspot\share\interpreter\linkResolver.cpp, line 771]
Event: 4.855 Thread 0x0000024f5e10f8b0 Exception <a 'java/lang/NoSuchMethodError'{0x000000008d5650a0}: 'java.lang.Object java.lang.invoke.Invokers$Holder.linkToTargetMethod(java.lang.Object, java.lang.Object, int, int, java.lang.Object, java.lang.Object, java.lang.Object, java.lang.Object, java.lang.Object)'> (0x000000008d5650a0) 
thrown [s\src\hotspot\share\interpreter\linkResolver.cpp, line 771]
Event: 5.375 Thread 0x0000024f5e10f8b0 Implicit null exception at 0x0000024f6912b2f0 to 0x0000024f6912b508
Event: 5.786 Thread 0x0000024f5e10f8b0 Implicit null exception at 0x0000024f69446b35 to 0x0000024f69446d52

VM Operations (20 events):
Event: 5.884 Executing VM operation: HandshakeAllThreads
Event: 5.884 Executing VM operation: HandshakeAllThreads done
Event: 5.884 Executing VM operation: HandshakeAllThreads
Event: 5.884 Executing VM operation: HandshakeAllThreads done
Event: 5.891 Executing VM operation: HandshakeAllThreads
Event: 5.891 Executing VM operation: HandshakeAllThreads done
Event: 5.893 Executing VM operation: ICBufferFull
Event: 5.894 Executing VM operation: ICBufferFull done
Event: 5.896 Executing VM operation: HandshakeAllThreads
Event: 5.896 Executing VM operation: HandshakeAllThreads done
Event: 5.907 Executing VM operation: HandshakeAllThreads
Event: 5.907 Executing VM operation: HandshakeAllThreads done
Event: 5.920 Executing VM operation: HandshakeAllThreads
Event: 5.925 Executing VM operation: HandshakeAllThreads done
Event: 5.959 Executing VM operation: HandshakeAllThreads
Event: 5.959 Executing VM operation: HandshakeAllThreads done
Event: 6.062 Executing VM operation: ICBufferFull
Event: 6.062 Executing VM operation: ICBufferFull done
Event: 6.102 Executing VM operation: G1CollectForAllocation
Event: 6.106 Executing VM operation: G1CollectForAllocation done

Events (20 events):
Event: 5.968 Thread 0x0000024f7c061fd0 flushing nmethod 0x0000024f627f9710
Event: 5.968 Thread 0x0000024f7c061fd0 flushing nmethod 0x0000024f627fc990
Event: 5.968 Thread 0x0000024f7c061fd0 flushing nmethod 0x0000024f627fe310
Event: 5.968 Thread 0x0000024f7c061fd0 flushing nmethod 0x0000024f62806c90
Event: 5.968 Thread 0x0000024f7c061fd0 flushing nmethod 0x0000024f6280b690
Event: 5.968 Thread 0x0000024f7c061fd0 flushing nmethod 0x0000024f6280f190
Event: 5.968 Thread 0x0000024f7c061fd0 flushing nmethod 0x0000024f6282b190
Event: 5.968 Thread 0x0000024f7c061fd0 flushing nmethod 0x0000024f6282dc10
Event: 5.968 Thread 0x0000024f7c061fd0 flushing nmethod 0x0000024f62894210
Event: 5.968 Thread 0x0000024f7c061fd0 flushing nmethod 0x0000024f628a5510
Event: 5.968 Thread 0x0000024f7c061fd0 flushing nmethod 0x0000024f628b6a90
Event: 5.968 Thread 0x0000024f7c061fd0 flushing nmethod 0x0000024f628ba610
Event: 5.968 Thread 0x0000024f7c061fd0 flushing nmethod 0x0000024f628bf610
Event: 5.968 Thread 0x0000024f7c061fd0 flushing nmethod 0x0000024f628cd390
Event: 5.968 Thread 0x0000024f7c061fd0 flushing nmethod 0x0000024f628d9990
Event: 5.968 Thread 0x0000024f7c061fd0 flushing nmethod 0x0000024f628eac10
Event: 5.968 Thread 0x0000024f7c061fd0 flushing nmethod 0x0000024f628f8410
Event: 5.968 Thread 0x0000024f7c061fd0 flushing nmethod 0x0000024f6291e790
Event: 6.062 loading class java/util/Vector$Itr
Event: 6.062 loading class java/util/Vector$Itr done


Dynamic libraries:
0x00007ff675eb0000 - 0x00007ff675eba000 	C:\Program Files\Android\Android Studio1\jbr\bin\java.exe
0x00007ffdebf50000 - 0x00007ffdec148000 	C:\windows\SYSTEM32\ntdll.dll
0x00007ffdea610000 - 0x00007ffdea6cd000 	C:\windows\System32\KERNEL32.DLL
0x00007ffde9640000 - 0x00007ffde9936000 	C:\windows\System32\KERNELBASE.dll
0x00007ffde9940000 - 0x00007ffde9a40000 	C:\windows\System32\ucrtbase.dll
0x00007ffd9af80000 - 0x00007ffd9af97000 	C:\Program Files\Android\Android Studio1\jbr\bin\jli.dll
0x00007ffddf9e0000 - 0x00007ffddf9fb000 	C:\Program Files\Android\Android Studio1\jbr\bin\VCRUNTIME140.dll
0x00007ffdeb640000 - 0x00007ffdeb7df000 	C:\windows\System32\USER32.dll
0x00007ffde9610000 - 0x00007ffde9632000 	C:\windows\System32\win32u.dll
0x00007ffdea450000 - 0x00007ffdea47b000 	C:\windows\System32\GDI32.dll
0x00007ffde89d0000 - 0x00007ffde8c6a000 	C:\windows\WinSxS\amd64_microsoft.windows.common-controls_6595b64144ccf1df_6.0.19041.4355_none_60b8b9eb71f62e16\COMCTL32.dll
0x00007ffde9e70000 - 0x00007ffde9f87000 	C:\windows\System32\gdi32full.dll
0x00007ffdeae30000 - 0x00007ffdeaece000 	C:\windows\System32\msvcrt.dll
0x00007ffde9bb0000 - 0x00007ffde9c4d000 	C:\windows\System32\msvcp_win.dll
0x00007ffdea8a0000 - 0x00007ffdea8cf000 	C:\windows\System32\IMM32.DLL
0x00007ffddf860000 - 0x00007ffddf86c000 	C:\Program Files\Android\Android Studio1\jbr\bin\vcruntime140_1.dll
0x00007ffdce700000 - 0x00007ffdce78d000 	C:\Program Files\Android\Android Studio1\jbr\bin\msvcp140.dll
0x00007ffd60370000 - 0x00007ffd60ff3000 	C:\Program Files\Android\Android Studio1\jbr\bin\server\jvm.dll
0x00007ffdea560000 - 0x00007ffdea610000 	C:\windows\System32\ADVAPI32.dll
0x00007ffdea300000 - 0x00007ffdea3a0000 	C:\windows\System32\sechost.dll
0x00007ffdebc60000 - 0x00007ffdebd83000 	C:\windows\System32\RPCRT4.dll
0x00007ffde9a40000 - 0x00007ffde9a67000 	C:\windows\System32\bcrypt.dll
0x00007ffde9200000 - 0x00007ffde924b000 	C:\windows\SYSTEM32\POWRPROF.dll
0x00007ffdc68c0000 - 0x00007ffdc68e7000 	C:\windows\SYSTEM32\WINMM.dll
0x00007ffdafa90000 - 0x00007ffdafa99000 	C:\windows\SYSTEM32\WSOCK32.dll
0x00007ffde3c20000 - 0x00007ffde3c2a000 	C:\windows\SYSTEM32\VERSION.dll
0x00007ffdea830000 - 0x00007ffdea89b000 	C:\windows\System32\WS2_32.dll
0x00007ffde8d60000 - 0x00007ffde8d72000 	C:\windows\SYSTEM32\UMPDC.dll
0x00007ffde7020000 - 0x00007ffde7032000 	C:\windows\SYSTEM32\kernel.appcore.dll
0x00007ffd6f2c0000 - 0x00007ffd6f2ca000 	C:\Program Files\Android\Android Studio1\jbr\bin\jimage.dll
0x00007ffde8f90000 - 0x00007ffde9174000 	C:\windows\SYSTEM32\DBGHELP.DLL
0x00007ffde8f50000 - 0x00007ffde8f84000 	C:\windows\SYSTEM32\dbgcore.DLL
0x00007ffde9a70000 - 0x00007ffde9af2000 	C:\windows\System32\bcryptPrimitives.dll
0x00007ffd60340000 - 0x00007ffd60365000 	C:\Program Files\Android\Android Studio1\jbr\bin\java.dll
0x00007ffd60320000 - 0x00007ffd60338000 	C:\Program Files\Android\Android Studio1\jbr\bin\zip.dll
0x00007ffdeaed0000 - 0x00007ffdeb63c000 	C:\windows\System32\SHELL32.dll
0x00007ffde6870000 - 0x00007ffde700d000 	C:\windows\SYSTEM32\windows.storage.dll
0x00007ffde9fa0000 - 0x00007ffdea2f3000 	C:\windows\System32\combase.dll
0x00007ffde8930000 - 0x00007ffde895e000 	C:\windows\SYSTEM32\Wldp.dll
0x00007ffdea760000 - 0x00007ffdea82d000 	C:\windows\System32\OLEAUT32.dll
0x00007ffdeb7e0000 - 0x00007ffdeb88d000 	C:\windows\System32\SHCORE.dll
0x00007ffdebeb0000 - 0x00007ffdebf05000 	C:\windows\System32\shlwapi.dll
0x00007ffde9540000 - 0x00007ffde9564000 	C:\windows\SYSTEM32\profapi.dll
0x00007ffdce930000 - 0x00007ffdce949000 	C:\Program Files\Android\Android Studio1\jbr\bin\net.dll
0x00007ffde2460000 - 0x00007ffde256a000 	C:\windows\SYSTEM32\WINHTTP.dll
0x00007ffde8600000 - 0x00007ffde866a000 	C:\windows\system32\mswsock.dll
0x00007ffdce910000 - 0x00007ffdce926000 	C:\Program Files\Android\Android Studio1\jbr\bin\nio.dll
0x00007ffd9b1c0000 - 0x00007ffd9b1d0000 	C:\Program Files\Android\Android Studio1\jbr\bin\verify.dll

dbghelp: loaded successfully - version: 4.0.5 - missing functions: none
symbol engine: initialized successfully - sym options: 0x614 - pdb path: .;C:\Program Files\Android\Android Studio1\jbr\bin;C:\windows\SYSTEM32;C:\windows\WinSxS\amd64_microsoft.windows.common-controls_6595b64144ccf1df_6.0.19041.4355_none_60b8b9eb71f62e16;C:\Program Files\Android\Android Studio1\jbr\bin\server

VM Arguments:
java_command: org.jetbrains.kotlin.cli.jvm.K2JVMCompiler @C:\Users\a\AndroidStudioProjects\MyVideoCall\app\build\20240705_7904319703375915931.compiler.options
java_class_path (initial): C:\Users\a\.gradle\caches\modules-2\files-2.1\org.jetbrains.kotlin\kotlin-compiler-embeddable\1.9.0\2c8c3a7402becca891f12739b3e9fd2dc2adbd7a\kotlin-compiler-embeddable-1.9.0.jar;C:\Users\a\.gradle\caches\modules-2\files-2.1\org.jetbrains.kotlin\kotlin-stdlib\1.9.0\8ee15ef0c67dc83d874f412d84378d7f0eb50b63\kotlin-stdlib-1.9.0.jar;C:\Users\a\.gradle\caches\modules-2\files-2.1\org.jetbrains.kotlin\kotlin-script-runtime\1.9.0\4b3102cbbb7e1b58d9d1adf89563f00069ffa7d1\kotlin-script-runtime-1.9.0.jar;C:\Users\a\.gradle\caches\modules-2\files-2.1\org.jetbrains.kotlin\kotlin-reflect\1.6.10\1cbe9c92c12a94eea200d23c2bbaedaf3daf5132\kotlin-reflect-1.6.10.jar;C:\Users\a\.gradle\caches\modules-2\files-2.1\org.jetbrains.kotlin\kotlin-daemon-embeddable\1.9.0\186543f5e28cf8d9a0290fecc2cf34301c40a65c\kotlin-daemon-embeddable-1.9.0.jar;C:\Users\a\.gradle\caches\modules-2\files-2.1\org.jetbrains.intellij.deps\trove4j\1.0.20200330\3afb14d5f9ceb459d724e907a21145e8ff394f02\trove4j-1.0.20200330.jar;C:\Users\a\.gradle\caches\modules-2\files-2.1\org.jetbrains.kotlin\kotlin-stdlib-common\1.9.0\cd65c21cfd1eec4d44ef09f9f52b6d9f8a720636\kotlin-stdlib-common-1.9.0.jar;C:\Users\a\.gradle\caches\modules-2\files-2.1\org.jetbrains\annotations\13.0\919f0dfe192fb4e063e7dacadee7f8bb9a2672a9\annotations-13.0.jar
Launcher Type: SUN_STANDARD

[Global flags]
     intx CICompilerCount                          = 4                                         {product} {ergonomic}
     uint ConcGCThreads                            = 2                                         {product} {ergonomic}
     uint G1ConcRefinementThreads                  = 8                                         {product} {ergonomic}
   size_t G1HeapRegionSize                         = 1048576                                   {product} {ergonomic}
    uintx GCDrainStackTargetSize                   = 64                                        {product} {ergonomic}
   size_t InitialHeapSize                          = 130023424                                 {product} {ergonomic}
   size_t MarkStackSize                            = 4194304                                   {product} {ergonomic}
   size_t MaxHeapSize                              = 2055208960                                {product} {ergonomic}
   size_t MaxNewSize                               = 1233125376                                {product} {ergonomic}
   size_t MinHeapDeltaBytes                        = 1048576                                   {product} {ergonomic}
   size_t MinHeapSize                              = 8388608                                   {product} {ergonomic}
    uintx NonNMethodCodeHeapSize                   = 5839372                                {pd product} {ergonomic}
    uintx NonProfiledCodeHeapSize                  = 122909434                              {pd product} {ergonomic}
    uintx ProfiledCodeHeapSize                     = 122909434                              {pd product} {ergonomic}
    uintx ReservedCodeCacheSize                    = 251658240                              {pd product} {ergonomic}
     bool SegmentedCodeCache                       = true                                      {product} {ergonomic}
   size_t SoftMaxHeapSize                          = 2055208960                             {manageable} {ergonomic}
     bool UseCompressedClassPointers               = true                           {product lp64_product} {ergonomic}
     bool UseCompressedOops                        = true                           {product lp64_product} {ergonomic}
     bool UseG1GC                                  = true                                      {product} {ergonomic}
     bool UseLargePagesIndividualAllocation        = false                                  {pd product} {ergonomic}

Logging:
Log output configuration:
 #0: stdout all=warning uptime,level,tags
 #1: stderr all=off uptime,level,tags

Environment Variables:
PATH=C:\python 3.10\Scripts\;C:\python 3.10\;C:\Program Files\Common Files\Oracle\Java\javapath;C:\windows\system32;C:\windows;C:\windows\System32\Wbem;C:\windows\System32\WindowsPowerShell\v1.0\;C:\windows\System32\OpenSSH\;C:\Program Files\Git\cmd;C:\MinGW\bin;C:\ProgramData\chocolatey\bin;C:\Program Files\MySQL\MySQL Server 8.0\bin;C:\Program Files\MySQL\MySQL Shell 8.0\bin\;C:\Users\a\AppData\Local\Microsoft\WindowsApps;C:\Users\a\AppData\Local\Programs\Microsoft VS Code\bin;C:\Program Files\JetBrains\IntelliJ IDEA Community Edition 2021.3.3\New folder\IntelliJ IDEA Community Edition 2021.3.3\bin;
USERNAME=a
OS=Windows_NT
PROCESSOR_IDENTIFIER=Intel64 Family 6 Model 140 Stepping 1, GenuineIntel
TMP=C:\Users\a\AppData\Local\Temp
TEMP=C:\Users\a\AppData\Local\Temp



Periodic native trim disabled

JNI global refs:
JNI global refs: 11, weak refs: 5

JNI global refs memory usage: 843, weak refs: 841

OOME stack traces (most recent first):
Classloader memory used:
Loader jdk.internal.loader.ClassLoaders$AppClassLoader                                 : 8040K
Loader bootstrap                                                                       : 1309K
Loader jdk.internal.reflect.DelegatingClassLoader                                      : 9925B


---------------  S Y S T E M  ---------------

OS:
 Windows 10 , 64 bit Build 19041 (10.0.19041.3636)
OS uptime: 0 days 1:19 hours

CPU: total 8 (initial active 8) (4 cores per cpu, 2 threads per core) family 6 model 140 stepping 1 microcode 0x9a, cx8, cmov, fxsr, ht, mmx, 3dnowpref, sse, sse2, sse3, ssse3, sse4.1, sse4.2, popcnt, lzcnt, tsc, tscinvbit, avx, avx2, aes, erms, clmul, bmi1, bmi2, adx, avx512f, avx512dq, avx512cd, avx512bw, avx512vl, sha, fma, vzeroupper, avx512_vpopcntdq, avx512_vpclmulqdq, avx512_vaes, avx512_vnni, clflush, clflushopt, clwb, avx512_vbmi2, avx512_vbmi
Processor Information for all 8 processors :
  Max Mhz: 2419, Current Mhz: 2419, Mhz Limit: 2419

Memory: 4k page, system-wide physical 7834M (475M free)
TotalPageFile size 10634M (AvailPageFile size 5M)
current process WorkingSet (physical memory assigned to process): 318M, peak: 318M
current process commit charge ("private bytes"): 355M, peak: 356M

vm_info: OpenJDK 64-Bit Server VM (17.0.9+0--11185874) for windows-amd64 JRE (17.0.9+0--11185874), built on Dec  6 2023 18:57:44 by "androidbuild" with MS VC++ 16.10 / 16.11 (VS2019)

END.
